..\Dll\DSR.pdb
C:\USERS\KANAK\DESKTOP\THANK\SIMULATION 8.3.10 IDS\SIMULATION\DLL\DSR.PDB
C:\USERS\KANAK\DESKTOP\THANK\SIMULATION 8.3.10 IDS\SIMULATION\DLL\LIBDSR.DLL
C:\USERS\KANAK\DESKTOP\THANK\SIMULATION 8.3.10 IDS\SIMULATION\DLL\LIBDSR.ILK
C:\USERS\KANAK\DESKTOP\THANK\SIMULATION 8.3.10 IDS\SIMULATION\DSR\DEBUG\CHECKROUTEFOUND.OBJ
C:\Users\kanak\Desktop\THANK\Simulation 8.3.10 IDS\Simulation\DSR\Debug\cl.command.1.tlog
C:\Users\kanak\Desktop\THANK\Simulation 8.3.10 IDS\Simulation\DSR\Debug\CL.read.1.tlog
C:\Users\kanak\Desktop\THANK\Simulation 8.3.10 IDS\Simulation\DSR\Debug\CL.write.1.tlog
C:\USERS\KANAK\DESKTOP\THANK\SIMULATION 8.3.10 IDS\SIMULATION\DSR\DEBUG\DSR.DLL.EMBED.MANIFEST
C:\USERS\KANAK\DESKTOP\THANK\SIMULATION 8.3.10 IDS\SIMULATION\DSR\DEBUG\DSR.DLL.EMBED.MANIFEST.RES
C:\USERS\KANAK\DESKTOP\THANK\SIMULATION 8.3.10 IDS\SIMULATION\DSR\DEBUG\DSR.DLL.INTERMEDIATE.MANIFEST
C:\USERS\KANAK\DESKTOP\THANK\SIMULATION 8.3.10 IDS\SIMULATION\DSR\DEBUG\DSR.OBJ
C:\Users\kanak\Desktop\THANK\Simulation 8.3.10 IDS\Simulation\DSR\Debug\DSR.write.1.tlog
C:\Users\kanak\Desktop\THANK\Simulation 8.3.10 IDS\Simulation\DSR\Debug\DSR_manifest.rc
C:\Users\kanak\Desktop\THANK\Simulation 8.3.10 IDS\Simulation\DSR\Debug\link.1540.read.1.tlog
C:\Users\kanak\Desktop\THANK\Simulation 8.3.10 IDS\Simulation\DSR\Debug\link.1540.write.1.tlog
C:\Users\kanak\Desktop\THANK\Simulation 8.3.10 IDS\Simulation\DSR\Debug\link.1540-cvtres.read.1.tlog
C:\Users\kanak\Desktop\THANK\Simulation 8.3.10 IDS\Simulation\DSR\Debug\link.1540-cvtres.write.1.tlog
C:\Users\kanak\Desktop\THANK\Simulation 8.3.10 IDS\Simulation\DSR\Debug\link.4888.read.1.tlog
C:\Users\kanak\Desktop\THANK\Simulation 8.3.10 IDS\Simulation\DSR\Debug\link.4888.write.1.tlog
C:\Users\kanak\Desktop\THANK\Simulation 8.3.10 IDS\Simulation\DSR\Debug\link.4888-cvtres.read.1.tlog
C:\Users\kanak\Desktop\THANK\Simulation 8.3.10 IDS\Simulation\DSR\Debug\link.4888-cvtres.write.1.tlog
C:\Users\kanak\Desktop\THANK\Simulation 8.3.10 IDS\Simulation\DSR\Debug\link.command.1.tlog
C:\Users\kanak\Desktop\THANK\Simulation 8.3.10 IDS\Simulation\DSR\Debug\link.read.1.tlog
C:\Users\kanak\Desktop\THANK\Simulation 8.3.10 IDS\Simulation\DSR\Debug\link.write.1.tlog
C:\USERS\KANAK\DESKTOP\THANK\SIMULATION 8.3.10 IDS\SIMULATION\DSR\DEBUG\MAINTBUFFER.OBJ
C:\USERS\KANAK\DESKTOP\THANK\SIMULATION 8.3.10 IDS\SIMULATION\DSR\DEBUG\MALICIOUS.OBJ
C:\Users\kanak\Desktop\THANK\Simulation 8.3.10 IDS\Simulation\DSR\Debug\mt.command.1.tlog
C:\Users\kanak\Desktop\THANK\Simulation 8.3.10 IDS\Simulation\DSR\Debug\mt.read.1.tlog
C:\Users\kanak\Desktop\THANK\Simulation 8.3.10 IDS\Simulation\DSR\Debug\mt.write.1.tlog
C:\USERS\KANAK\DESKTOP\THANK\SIMULATION 8.3.10 IDS\SIMULATION\DSR\DEBUG\NETWORK_LAYER_ACK.OBJ
C:\USERS\KANAK\DESKTOP\THANK\SIMULATION 8.3.10 IDS\SIMULATION\DSR\DEBUG\PACKETPROCESSING.OBJ
C:\USERS\KANAK\DESKTOP\THANK\SIMULATION 8.3.10 IDS\SIMULATION\DSR\DEBUG\PATHRATER.OBJ
C:\Users\kanak\Desktop\THANK\Simulation 8.3.10 IDS\Simulation\DSR\Debug\rc.command.1.tlog
C:\Users\kanak\Desktop\THANK\Simulation 8.3.10 IDS\Simulation\DSR\Debug\rc.read.1.tlog
C:\Users\kanak\Desktop\THANK\Simulation 8.3.10 IDS\Simulation\DSR\Debug\rc.write.1.tlog
C:\USERS\KANAK\DESKTOP\THANK\SIMULATION 8.3.10 IDS\SIMULATION\DSR\DEBUG\ROUTECACHE.OBJ
C:\USERS\KANAK\DESKTOP\THANK\SIMULATION 8.3.10 IDS\SIMULATION\DSR\DEBUG\ROUTEERROR.OBJ
C:\USERS\KANAK\DESKTOP\THANK\SIMULATION 8.3.10 IDS\SIMULATION\DSR\DEBUG\ROUTEREPLY.OBJ
C:\USERS\KANAK\DESKTOP\THANK\SIMULATION 8.3.10 IDS\SIMULATION\DSR\DEBUG\ROUTEREQUEST.OBJ
C:\USERS\KANAK\DESKTOP\THANK\SIMULATION 8.3.10 IDS\SIMULATION\DSR\DEBUG\SENDBUFFER.OBJ
C:\USERS\KANAK\DESKTOP\THANK\SIMULATION 8.3.10 IDS\SIMULATION\DSR\DEBUG\SOURCEROUTE.OBJ
C:\Users\kanak\Desktop\THANK\Simulation 8.3.10 IDS\Simulation\DSR\Debug\vc100.idb
C:\USERS\KANAK\DESKTOP\THANK\SIMULATION 8.3.10 IDS\SIMULATION\DSR\DEBUG\VC100.PDB
C:\Users\kanak\Desktop\THANK\Simulation 8.3.10 IDS\Simulation\lib\libDSR.exp
C:\Users\kanak\Desktop\THANK\Simulation 8.3.10 IDS\Simulation\lib\libDSR.lib
