Build started 17-08-2015 20:56:13.
     1>Project "C:\Users\kanak\Desktop\THANK\Simulation 8.3.10 IDS\Simulation\WLAN\WLAN.vcxproj" on node 2 (rebuild target(s)).
     1>C:\Program Files (x86)\MSBuild\Microsoft.Cpp\v4.0\Microsoft.CppBuild.targets(299,5): warning MSB8004: Output Directory does not end with a trailing slash.  This build instance will add the slash as it is required to allow proper evaluation of the Output Directory.
     1>InitializeBuildStatus:
         Creating "Debug\WLAN.unsuccessfulbuild" because "AlwaysCreate" was specified.
       ClCompile:
         c:\Program Files (x86)\Microsoft Visual Studio 10.0\VC\bin\CL.exe /c /I..\Include /ZI /nologo /W3 /WX- /Od /Oy- /D WIN32 /D _DEBUG /D _WINDOWS /D _USRDLL /D WLAN_EXPORTS /D _WINDLL /D _UNICODE /D UNICODE /Gm /EHsc /RTC1 /MDd /GS /fp:precise /Zc:wchar_t /Zc:forScope /Fo"Debug\\" /Fd"Debug\vc100.pdb" /Gd /TC /analyze- /errorReport:prompt 802_11ac.c 802_11ag.c 802_11b.c 802_11e.c 802_11n.c 802_11n_acAggregation.c 802_11_MAC.c 802_11_PHY.c PMD_RX_Specification_802_11abgnac.c PowerModel.c Watchdog.c WLan.c
         WLan.c
         Watchdog.c
         PowerModel.c
         PMD_RX_Specification_802_11abgnac.c
         802_11_PHY.c
         802_11_MAC.c
         802_11n_acAggregation.c
         802_11n.c
         802_11e.c
         802_11b.c
         802_11ag.c
         802_11ac.c
         Generating Code...
       ManifestResourceCompile:
         c:\Program Files (x86)\Microsoft SDKs\Windows\v7.0A\bin\rc.exe /nologo /fo"Debug\WLAN.dll.embed.manifest.res" Debug\WLAN_manifest.rc 
     1>C:\Program Files (x86)\MSBuild\Microsoft.Cpp\v4.0\Microsoft.CppBuild.targets(990,5): warning MSB8012: TargetPath(C:\Users\kanak\Desktop\THANK\Simulation 8.3.10 IDS\Simulation\WLAN\..\Dll\WLAN.dll) does not match the Linker's OutputFile property value (C:\Users\kanak\Desktop\THANK\Simulation 8.3.10 IDS\Simulation\Dll\libWLAN.dll). This may cause your project to build incorrectly. To correct this, please make sure that $(OutDir), $(TargetName) and $(TargetExt) property values match the value specified in %(Link.OutputFile).
     1>C:\Program Files (x86)\MSBuild\Microsoft.Cpp\v4.0\Microsoft.CppBuild.targets(992,5): warning MSB8012: TargetName(WLAN) does not match the Linker's OutputFile property value (libWLAN). This may cause your project to build incorrectly. To correct this, please make sure that $(OutDir), $(TargetName) and $(TargetExt) property values match the value specified in %(Link.OutputFile).
       Link:
         c:\Program Files (x86)\Microsoft Visual Studio 10.0\VC\bin\link.exe /ERRORREPORT:PROMPT /OUT:"..\Dll\libWLAN.dll" /INCREMENTAL /NOLOGO /LIBPATH:..\lib kernel32.lib user32.lib gdi32.lib winspool.lib comdlg32.lib advapi32.lib shell32.lib ole32.lib oleaut32.lib uuid.lib odbc32.lib odbccp32.lib /MANIFEST /ManifestFile:"Debug\WLAN.dll.intermediate.manifest" /MANIFESTUAC:"level='asInvoker' uiAccess='false'" /DEBUG /PDB:"C:\Users\kanak\Desktop\THANK\Simulation 8.3.10 IDS\Simulation\Dll\WLAN.pdb" /SUBSYSTEM:WINDOWS /TLBID:1 /DYNAMICBASE /NXCOMPAT /IMPLIB:"..\Dll\WLAN.lib" /MACHINE:X86 /DLL Debug\WLAN.dll.embed.manifest.res
         Debug\802_11ac.obj
         Debug\802_11ag.obj
         Debug\802_11b.obj
         Debug\802_11e.obj
         Debug\802_11n.obj
         Debug\802_11n_acAggregation.obj
         Debug\802_11_MAC.obj
         Debug\802_11_PHY.obj
         Debug\PMD_RX_Specification_802_11abgnac.obj
         Debug\PowerModel.obj
         Debug\Watchdog.obj
         Debug\WLan.obj WLAN.lib NetworkStack.lib Metrics.lib Mobility.lib 
         WLAN.lib(ber.obj) : MSIL .netmodule or module compiled with /GL found; restarting link with /LTCG; add /LTCG to the link command line to improve linker performance
     1>LINK : warning LNK4075: ignoring '/INCREMENTAL' due to '/LTCG' specification
            Creating library ..\Dll\WLAN.lib and object ..\Dll\WLAN.exp
     1>LINK : warning LNK4098: defaultlib 'MSVCRT' conflicts with use of other libs; use /NODEFAULTLIB:library
         Generating code
         Finished generating code
     1>WLAN.lib(ber.obj) : warning LNK4099: PDB 'vc100.pdb' was not found with 'WLAN.lib(ber.obj)' or at 'C:\Users\kanak\Desktop\THANK\Simulation 8.3.10 IDS\Simulation\Dll\vc100.pdb'; linking object as if no debug info
     1>WLAN.lib(WLanLib.obj) : warning LNK4099: PDB 'vc100.pdb' was not found with 'WLAN.lib(WLanLib.obj)' or at 'C:\Users\kanak\Desktop\THANK\Simulation 8.3.10 IDS\Simulation\Dll\vc100.pdb'; linking object as if no debug info
       Manifest:
         Deleting file "Debug\WLAN.dll.embed.manifest".
         c:\Program Files (x86)\Microsoft SDKs\Windows\v7.0A\bin\mt.exe /nologo /verbose /out:"Debug\WLAN.dll.embed.manifest" /manifest Debug\WLAN.dll.intermediate.manifest
         c:\Program Files (x86)\Microsoft SDKs\Windows\v7.0A\bin\rc.exe /nologo /fo"Debug\WLAN.dll.embed.manifest.res" Debug\WLAN_manifest.rc 
       LinkEmbedManifest:
         c:\Program Files (x86)\Microsoft Visual Studio 10.0\VC\bin\link.exe /ERRORREPORT:PROMPT /OUT:"..\Dll\libWLAN.dll" /INCREMENTAL /NOLOGO /LIBPATH:..\lib kernel32.lib user32.lib gdi32.lib winspool.lib comdlg32.lib advapi32.lib shell32.lib ole32.lib oleaut32.lib uuid.lib odbc32.lib odbccp32.lib /MANIFEST /ManifestFile:"Debug\WLAN.dll.intermediate.manifest" /MANIFESTUAC:"level='asInvoker' uiAccess='false'" /DEBUG /PDB:"C:\Users\kanak\Desktop\THANK\Simulation 8.3.10 IDS\Simulation\Dll\WLAN.pdb" /SUBSYSTEM:WINDOWS /TLBID:1 /DYNAMICBASE /NXCOMPAT /IMPLIB:"..\Dll\WLAN.lib" /MACHINE:X86 /DLL Debug\WLAN.dll.embed.manifest.res
         Debug\802_11ac.obj
         Debug\802_11ag.obj
         Debug\802_11b.obj
         Debug\802_11e.obj
         Debug\802_11n.obj
         Debug\802_11n_acAggregation.obj
         Debug\802_11_MAC.obj
         Debug\802_11_PHY.obj
         Debug\PMD_RX_Specification_802_11abgnac.obj
         Debug\PowerModel.obj
         Debug\Watchdog.obj
         Debug\WLan.obj WLAN.lib NetworkStack.lib Metrics.lib Mobility.lib 
         WLAN.lib(ber.obj) : MSIL .netmodule or module compiled with /GL found; restarting link with /LTCG; add /LTCG to the link command line to improve linker performance
     1>LINK : warning LNK4075: ignoring '/INCREMENTAL' due to '/LTCG' specification
            Creating library ..\Dll\WLAN.lib and object ..\Dll\WLAN.exp
     1>LINK : warning LNK4098: defaultlib 'MSVCRT' conflicts with use of other libs; use /NODEFAULTLIB:library
         Generating code
         Finished generating code
     1>WLAN.lib(ber.obj) : warning LNK4099: PDB 'vc100.pdb' was not found with 'WLAN.lib(ber.obj)' or at 'C:\Users\kanak\Desktop\THANK\Simulation 8.3.10 IDS\Simulation\Dll\vc100.pdb'; linking object as if no debug info
     1>WLAN.lib(WLanLib.obj) : warning LNK4099: PDB 'vc100.pdb' was not found with 'WLAN.lib(WLanLib.obj)' or at 'C:\Users\kanak\Desktop\THANK\Simulation 8.3.10 IDS\Simulation\Dll\vc100.pdb'; linking object as if no debug info
         WLAN.vcxproj -> C:\Users\kanak\Desktop\THANK\Simulation 8.3.10 IDS\Simulation\WLAN\..\Dll\WLAN.dll
       FinalizeBuildStatus:
         Deleting file "Debug\WLAN.unsuccessfulbuild".
         Touching "Debug\WLAN.lastbuildstate".
     1>Done Building Project "C:\Users\kanak\Desktop\THANK\Simulation 8.3.10 IDS\Simulation\WLAN\WLAN.vcxproj" (rebuild target(s)).

Build succeeded.

Time Elapsed 00:00:03.97
